
Module Name: C:\Games\NovaRO\NovaRO.exe
Time Stamp: 0x5eba0ea6 - Tue May 12 04:49:10 2020


Exception Type: 0xc0000005

0x00708433	novaro
0x007ceacd	novaro
0x00617132	novaro
0x00732956	novaro
0x007324d8	novaro
0x00841de4	novaro
0x00a50ae6	novaro
0x7b647271	kernel32
0x7b6479af	kernel32
0x7b647282	kernel32

eax: 0xfeeefeee	ebx: 0x00000104
ecx: 0x2b45acb8	edx: 0x00000104
esi: 0x00000498	edi: 0x2b45acb8
ebp: 0x00000000	esp: 0x0031fff4

stack 0031fff4 - 003203f4
0031FFF4 : 00 00 00 00 00 00 00 00 00 00 00 00 4D 5A 90 00 
00320004 : 03 00 00 00 04 00 00 00 FF FF 00 00 B8 00 00 00 
00320014 : 00 00 00 00 40 00 00 00 00 00 00 00 00 00 00 00 
00320024 : 00 00 00 00 00 00 00 00 00 00 00 00 00 00 00 00 
00320034 : 00 00 00 00 00 00 00 00 C8 00 00 00 0E 1F BA 0E 
00320044 : 00 B4 09 CD 21 B8 01 4C CD 21 54 68 69 73 20 70 
00320054 : 72 6F 67 72 61 6D 20 63 61 6E 6E 6F 74 20 62 65 
00320064 : 20 72 75 6E 20 69 6E 20 44 4F 53 20 6D 6F 64 65 
00320074 : 2E 0D 0D 0A 24 00 00 00 00 00 00 00 0F D7 47 D8 
00320084 : 4B B6 29 8B 4B B6 29 8B 4B B6 29 8B 4B B6 28 8B 
00320094 : 5C B6 29 8B 29 A9 3A 8B 4E B6 29 8B A4 94 18 8B 
003200A4 : 2A B6 29 8B 8C B0 2F 8B 4A B6 29 8B B4 96 2D 8B 
003200B4 : 4A B6 29 8B 52 69 63 68 4B B6 29 8B 00 00 00 00 
003200C4 : 00 00 00 00 50 45 00 00 4C 01 06 00 A3 DA 17 3D 
003200D4 : 00 00 00 00 00 00 00 00 E0 00 0E 21 0B 01 06 00 
003200E4 : 00 82 02 00 00 00 03 00 00 00 00 00 40 16 02 00 

Launch Info 
03C2 00A4 00A4 0000 0000 0000 0000 0000 
0000 0000 0000 0000 0000 0000 0000 0000 
0000 0000 0000 0000 0000 0000 0000 0000 
0000 0000 0000 0000 0000 0000 0000 0000 

Job : Geneticist

1@pop1.rsw 98 90

renderer.cpp 824
